#
# There is insufficient memory for the Java Runtime Environment to continue.
# Native memory allocation (malloc) failed to allocate 350800 bytes for Chunk::new
# Possible reasons:
#   The system is out of physical RAM or swap space
#   The process is running with CompressedOops enabled, and the Java Heap may be blocking the growth of the native heap
# Possible solutions:
#   Reduce memory load on the system
#   Increase physical memory or swap space
#   Check if swap backing store is full
#   Decrease Java heap size (-Xmx/-Xms)
#   Decrease number of Java threads
#   Decrease Java thread stack sizes (-Xss)
#   Set larger code cache with -XX:ReservedCodeCacheSize=
#   JVM is running with Unscaled Compressed Oops mode in which the Java heap is
#     placed in the first 4GB address space. The Java Heap base address is the
#     maximum limit for the native heap growth. Please use -XX:HeapBaseMinAddress
#     to set the Java Heap base and to place the Java Heap above 4GB virtual address.
# This output file may be truncated or incomplete.
#
#  Out of Memory Error (./open/src/hotspot/share/memory/arena.cpp:195), pid=24840, tid=9368
#
# JRE version: Java(TM) SE Runtime Environment (15.0.2+7) (build 15.0.2+7-27)
# Java VM: Java HotSpot(TM) 64-Bit Server VM (15.0.2+7-27, mixed mode, sharing, tiered, compressed oops, g1 gc, windows-amd64)
# No core dump will be written. Minidumps are not enabled by default on client versions of Windows
#

---------------  S U M M A R Y ------------

Command Line: -javaagent:E:\Apps\windows\dev\IntelliJ IDEA 2020.2.3\lib\idea_rt.jar=55457:E:\Apps\windows\dev\IntelliJ IDEA 2020.2.3\bin -Dfile.encoding=UTF-8 angleterre.Teste

Host: Intel(R) Core(TM) i7-3520M CPU @ 2.90GHz, 4 cores, 7G,  Windows 10 , 64 bit Build 19041 (10.0.19041.804)
Time: Tue Feb 16 13:06:16 2021 Paris, Madrid elapsed time: 3.959006 seconds (0d 0h 0m 3s)

---------------  T H R E A D  ---------------

Current thread (0x000001adcf6704c0):  JavaThread "C2 CompilerThread1" daemon [_thread_in_native, id=9368, stack(0x00000026afb00000,0x00000026afc00000)]


Current CompileTask:
C2:   3959 2429       4       org.apache.xmlbeans.impl.store.Cur$CurLoadContext::startElement (30 bytes)

Stack: [0x00000026afb00000,0x00000026afc00000]
Native frames: (J=compiled Java code, j=interpreted, Vv=VM code, C=native code)
V  [jvm.dll+0x62ae9a]
V  [jvm.dll+0x7817a9]
V  [jvm.dll+0x782f03]
V  [jvm.dll+0x783563]
V  [jvm.dll+0x216325]
V  [jvm.dll+0x97f3a]
V  [jvm.dll+0x9861c]
V  [jvm.dll+0x32e305]
V  [jvm.dll+0x2f768a]
V  [jvm.dll+0x2f6a4a]
V  [jvm.dll+0x1ea705]
V  [jvm.dll+0x1e996e]
V  [jvm.dll+0x178567]
V  [jvm.dll+0x1f9225]
V  [jvm.dll+0x1f72cc]
V  [jvm.dll+0x74495d]
V  [jvm.dll+0x73d75a]
V  [jvm.dll+0x629c56]
C  [ucrtbase.dll+0x21bb2]
C  [KERNEL32.DLL+0x17034]
C  [ntdll.dll+0x4d241]


---------------  P R O C E S S  ---------------

Threads class SMR info:
_java_thread_list=0x000001adcf3d3d20, length=13, elements={
0x000001adafc3cd20, 0x000001adcdd578e0, 0x000001adcdd583c0, 0x000001adcdd6b3d0,
0x000001adcdd6dda0, 0x000001adcdd6e760, 0x000001adcdd71410, 0x000001adcdd74de0,
0x000001adcddce580, 0x000001adcdd35820, 0x000001adcea481c0, 0x000001adcea1ce60,
0x000001adcf6704c0
}

Java Threads: ( => current thread )
  0x000001adafc3cd20 JavaThread "main" [_thread_in_vm, id=14448, stack(0x00000026ae600000,0x00000026ae700000)]
  0x000001adcdd578e0 JavaThread "Reference Handler" daemon [_thread_blocked, id=2588, stack(0x00000026aed00000,0x00000026aee00000)]
  0x000001adcdd583c0 JavaThread "Finalizer" daemon [_thread_blocked, id=5940, stack(0x00000026aee00000,0x00000026aef00000)]
  0x000001adcdd6b3d0 JavaThread "Signal Dispatcher" daemon [_thread_blocked, id=24808, stack(0x00000026aef00000,0x00000026af000000)]
  0x000001adcdd6dda0 JavaThread "Attach Listener" daemon [_thread_blocked, id=14340, stack(0x00000026af000000,0x00000026af100000)]
  0x000001adcdd6e760 JavaThread "Service Thread" daemon [_thread_blocked, id=20588, stack(0x00000026af100000,0x00000026af200000)]
  0x000001adcdd71410 JavaThread "C2 CompilerThread0" daemon [_thread_in_native, id=5576, stack(0x00000026af200000,0x00000026af300000)]
  0x000001adcdd74de0 JavaThread "C1 CompilerThread0" daemon [_thread_blocked, id=26344, stack(0x00000026af300000,0x00000026af400000)]
  0x000001adcddce580 JavaThread "Sweeper thread" daemon [_thread_blocked, id=19420, stack(0x00000026af400000,0x00000026af500000)]
  0x000001adcdd35820 JavaThread "Common-Cleaner" daemon [_thread_blocked, id=27612, stack(0x00000026af500000,0x00000026af600000)]
  0x000001adcea481c0 JavaThread "Monitor Ctrl-Break" daemon [_thread_in_native, id=18816, stack(0x00000026af700000,0x00000026af800000)]
  0x000001adcea1ce60 JavaThread "Notification Thread" daemon [_thread_blocked, id=25152, stack(0x00000026af800000,0x00000026af900000)]
=>0x000001adcf6704c0 JavaThread "C2 CompilerThread1" daemon [_thread_in_native, id=9368, stack(0x00000026afb00000,0x00000026afc00000)]

Other Threads:
  0x000001adcdd53200 VMThread "VM Thread" [stack: 0x00000026aec00000,0x00000026aed00000] [id=16408]
  0x000001adce909530 WatcherThread [stack: 0x00000026af900000,0x00000026afa00000] [id=6316]
  0x000001adafc79ea0 GCTaskThread "GC Thread#0" [stack: 0x00000026ae700000,0x00000026ae800000] [id=27260]
  0x000001adcebe39c0 GCTaskThread "GC Thread#1" [stack: 0x00000026af600000,0x00000026af700000] [id=25268]
  0x000001adcebe3cf0 GCTaskThread "GC Thread#2" [stack: 0x00000026afa00000,0x00000026afb00000] [id=7732]
  0x000001adafc8cda0 ConcurrentGCThread "G1 Main Marker" [stack: 0x00000026ae800000,0x00000026ae900000] [id=27192]
  0x000001adafc8d920 ConcurrentGCThread "G1 Conc#0" [stack: 0x00000026ae900000,0x00000026aea00000] [id=12996]
  0x000001adafd03e00 ConcurrentGCThread "G1 Refine#0" [stack: 0x00000026aea00000,0x00000026aeb00000] [id=1948]
  0x000001adafd04990 ConcurrentGCThread "G1 Young RemSet Sampling" [stack: 0x00000026aeb00000,0x00000026aec00000] [id=20944]

Threads with active compile tasks:
C2 CompilerThread1     4013 2429       4       org.apache.xmlbeans.impl.store.Cur$CurLoadContext::startElement (30 bytes)

VM state: not at safepoint (normal execution)

VM Mutex/Monitor currently owned by a thread: None

Heap address: 0x0000000081800000, size: 2024 MB, Compressed Oops mode: 32-bit
CDS archive(s) mapped at: [0x0000000800000000-0x0000000800b50000-0x0000000800b50000), size 11862016, SharedBaseAddress: 0x0000000800000000, ArchiveRelocationMode: 0.
Compressed class space mapped at: 0x0000000800b50000-0x0000000840b50000, size: 1073741824
Narrow klass base: 0x0000000800000000, Narrow klass shift: 3, Narrow klass range: 0x100000000

GC Precious Log:
 CPUs: 4 total, 4 available
 Memory: 8094M
 Large Page Support: Disabled
 NUMA Support: Disabled
 Compressed Oops: Enabled (32-bit)
 Heap Region Size: 1M
 Heap Min Capacity: 8M
 Heap Initial Capacity: 128M
 Heap Max Capacity: 2024M
 Pre-touch: Disabled
 Parallel Workers: 4
 Concurrent Workers: 1
 Concurrent Refinement Workers: 4
 Periodic GC: Disabled

Heap:
 garbage-first heap   total 131072K, used 14678K [0x0000000081800000, 0x0000000100000000)
  region size 1024K, 10 young (10240K), 4 survivors (4096K)
 Metaspace       used 11041K, capacity 11250K, committed 11520K, reserved 1058816K
  class space    used 1132K, capacity 1172K, committed 1280K, reserved 1048576K

Heap Regions: E=young(eden), S=young(survivor), O=old, HS=humongous(starts), HC=humongous(continues), CS=collection set, F=free, OA=open archive, CA=closed archive, TAMS=top-at-mark-start (previous, next)
|   0|0x0000000081800000, 0x0000000081900000, 0x0000000081900000|100%|HS|  |TAMS 0x0000000081800000, 0x0000000081800000| Complete 
|   1|0x0000000081900000, 0x0000000081a00000, 0x0000000081a00000|100%| O|  |TAMS 0x0000000081900000, 0x0000000081900000| Untracked 
|   2|0x0000000081a00000, 0x0000000081b00000, 0x0000000081b00000|100%| O|  |TAMS 0x0000000081a00000, 0x0000000081a00000| Untracked 
|   3|0x0000000081b00000, 0x0000000081c00000, 0x0000000081c00000|100%| O|  |TAMS 0x0000000081b00000, 0x0000000081b00000| Untracked 
|   4|0x0000000081c00000, 0x0000000081d00000, 0x0000000081d00000|100%| O|  |TAMS 0x0000000081c00000, 0x0000000081c00000| Untracked 
|   5|0x0000000081d00000, 0x0000000081d55800, 0x0000000081e00000| 33%| O|  |TAMS 0x0000000081d00000, 0x0000000081d00000| Untracked 
|   6|0x0000000081e00000, 0x0000000081e00000, 0x0000000081f00000|  0%| F|  |TAMS 0x0000000081e00000, 0x0000000081e00000| Untracked 
|   7|0x0000000081f00000, 0x0000000081f00000, 0x0000000082000000|  0%| F|  |TAMS 0x0000000081f00000, 0x0000000081f00000| Untracked 
|   8|0x0000000082000000, 0x0000000082000000, 0x0000000082100000|  0%| F|  |TAMS 0x0000000082000000, 0x0000000082000000| Untracked 
|   9|0x0000000082100000, 0x0000000082100000, 0x0000000082200000|  0%| F|  |TAMS 0x0000000082100000, 0x0000000082100000| Untracked 
|  10|0x0000000082200000, 0x0000000082200000, 0x0000000082300000|  0%| F|  |TAMS 0x0000000082200000, 0x0000000082200000| Untracked 
|  11|0x0000000082300000, 0x0000000082300000, 0x0000000082400000|  0%| F|  |TAMS 0x0000000082300000, 0x0000000082300000| Untracked 
|  12|0x0000000082400000, 0x0000000082400000, 0x0000000082500000|  0%| F|  |TAMS 0x0000000082400000, 0x0000000082400000| Untracked 
|  13|0x0000000082500000, 0x0000000082500000, 0x0000000082600000|  0%| F|  |TAMS 0x0000000082500000, 0x0000000082500000| Untracked 
|  14|0x0000000082600000, 0x0000000082600000, 0x0000000082700000|  0%| F|  |TAMS 0x0000000082600000, 0x0000000082600000| Untracked 
|  15|0x0000000082700000, 0x0000000082700000, 0x0000000082800000|  0%| F|  |TAMS 0x0000000082700000, 0x0000000082700000| Untracked 
|  16|0x0000000082800000, 0x0000000082800000, 0x0000000082900000|  0%| F|  |TAMS 0x0000000082800000, 0x0000000082800000| Untracked 
|  17|0x0000000082900000, 0x0000000082900000, 0x0000000082a00000|  0%| F|  |TAMS 0x0000000082900000, 0x0000000082900000| Untracked 
|  18|0x0000000082a00000, 0x0000000082a00000, 0x0000000082b00000|  0%| F|  |TAMS 0x0000000082a00000, 0x0000000082a00000| Untracked 
|  19|0x0000000082b00000, 0x0000000082b00000, 0x0000000082c00000|  0%| F|  |TAMS 0x0000000082b00000, 0x0000000082b00000| Untracked 
|  20|0x0000000082c00000, 0x0000000082c00000, 0x0000000082d00000|  0%| F|  |TAMS 0x0000000082c00000, 0x0000000082c00000| Untracked 
|  21|0x0000000082d00000, 0x0000000082d00000, 0x0000000082e00000|  0%| F|  |TAMS 0x0000000082d00000, 0x0000000082d00000| Untracked 
|  22|0x0000000082e00000, 0x0000000082e00000, 0x0000000082f00000|  0%| F|  |TAMS 0x0000000082e00000, 0x0000000082e00000| Untracked 
|  23|0x0000000082f00000, 0x0000000082f00000, 0x0000000083000000|  0%| F|  |TAMS 0x0000000082f00000, 0x0000000082f00000| Untracked 
|  24|0x0000000083000000, 0x0000000083000000, 0x0000000083100000|  0%| F|  |TAMS 0x0000000083000000, 0x0000000083000000| Untracked 
|  25|0x0000000083100000, 0x0000000083100000, 0x0000000083200000|  0%| F|  |TAMS 0x0000000083100000, 0x0000000083100000| Untracked 
|  26|0x0000000083200000, 0x0000000083200000, 0x0000000083300000|  0%| F|  |TAMS 0x0000000083200000, 0x0000000083200000| Untracked 
|  27|0x0000000083300000, 0x0000000083300000, 0x0000000083400000|  0%| F|  |TAMS 0x0000000083300000, 0x0000000083300000| Untracked 
|  28|0x0000000083400000, 0x0000000083400000, 0x0000000083500000|  0%| F|  |TAMS 0x0000000083400000, 0x0000000083400000| Untracked 
|  29|0x0000000083500000, 0x0000000083500000, 0x0000000083600000|  0%| F|  |TAMS 0x0000000083500000, 0x0000000083500000| Untracked 
|  30|0x0000000083600000, 0x0000000083600000, 0x0000000083700000|  0%| F|  |TAMS 0x0000000083600000, 0x0000000083600000| Untracked 
|  31|0x0000000083700000, 0x0000000083700000, 0x0000000083800000|  0%| F|  |TAMS 0x0000000083700000, 0x0000000083700000| Untracked 
|  32|0x0000000083800000, 0x0000000083800000, 0x0000000083900000|  0%| F|  |TAMS 0x0000000083800000, 0x0000000083800000| Untracked 
|  33|0x0000000083900000, 0x0000000083900000, 0x0000000083a00000|  0%| F|  |TAMS 0x0000000083900000, 0x0000000083900000| Untracked 
|  34|0x0000000083a00000, 0x0000000083a00000, 0x0000000083b00000|  0%| F|  |TAMS 0x0000000083a00000, 0x0000000083a00000| Untracked 
|  35|0x0000000083b00000, 0x0000000083b00000, 0x0000000083c00000|  0%| F|  |TAMS 0x0000000083b00000, 0x0000000083b00000| Untracked 
|  36|0x0000000083c00000, 0x0000000083c00000, 0x0000000083d00000|  0%| F|  |TAMS 0x0000000083c00000, 0x0000000083c00000| Untracked 
|  37|0x0000000083d00000, 0x0000000083d00000, 0x0000000083e00000|  0%| F|  |TAMS 0x0000000083d00000, 0x0000000083d00000| Untracked 
|  38|0x0000000083e00000, 0x0000000083e00000, 0x0000000083f00000|  0%| F|  |TAMS 0x0000000083e00000, 0x0000000083e00000| Untracked 
|  39|0x0000000083f00000, 0x0000000083f00000, 0x0000000084000000|  0%| F|  |TAMS 0x0000000083f00000, 0x0000000083f00000| Untracked 
|  40|0x0000000084000000, 0x0000000084000000, 0x0000000084100000|  0%| F|  |TAMS 0x0000000084000000, 0x0000000084000000| Untracked 
|  41|0x0000000084100000, 0x0000000084100000, 0x0000000084200000|  0%| F|  |TAMS 0x0000000084100000, 0x0000000084100000| Untracked 
|  42|0x0000000084200000, 0x0000000084200000, 0x0000000084300000|  0%| F|  |TAMS 0x0000000084200000, 0x0000000084200000| Untracked 
|  43|0x0000000084300000, 0x0000000084300000, 0x0000000084400000|  0%| F|  |TAMS 0x0000000084300000, 0x0000000084300000| Untracked 
|  44|0x0000000084400000, 0x0000000084400000, 0x0000000084500000|  0%| F|  |TAMS 0x0000000084400000, 0x0000000084400000| Untracked 
|  45|0x0000000084500000, 0x0000000084500000, 0x0000000084600000|  0%| F|  |TAMS 0x0000000084500000, 0x0000000084500000| Untracked 
|  46|0x0000000084600000, 0x0000000084600000, 0x0000000084700000|  0%| F|  |TAMS 0x0000000084600000, 0x0000000084600000| Untracked 
|  47|0x0000000084700000, 0x0000000084700000, 0x0000000084800000|  0%| F|  |TAMS 0x0000000084700000, 0x0000000084700000| Untracked 
|  48|0x0000000084800000, 0x0000000084800000, 0x0000000084900000|  0%| F|  |TAMS 0x0000000084800000, 0x0000000084800000| Untracked 
|  49|0x0000000084900000, 0x0000000084900000, 0x0000000084a00000|  0%| F|  |TAMS 0x0000000084900000, 0x0000000084900000| Untracked 
|  50|0x0000000084a00000, 0x0000000084a00000, 0x0000000084b00000|  0%| F|  |TAMS 0x0000000084a00000, 0x0000000084a00000| Untracked 
|  51|0x0000000084b00000, 0x0000000084b00000, 0x0000000084c00000|  0%| F|  |TAMS 0x0000000084b00000, 0x0000000084b00000| Untracked 
|  52|0x0000000084c00000, 0x0000000084c00000, 0x0000000084d00000|  0%| F|  |TAMS 0x0000000084c00000, 0x0000000084c00000| Untracked 
|  53|0x0000000084d00000, 0x0000000084d00000, 0x0000000084e00000|  0%| F|  |TAMS 0x0000000084d00000, 0x0000000084d00000| Untracked 
|  54|0x0000000084e00000, 0x0000000084e00000, 0x0000000084f00000|  0%| F|  |TAMS 0x0000000084e00000, 0x0000000084e00000| Untracked 
|  55|0x0000000084f00000, 0x0000000084f00000, 0x0000000085000000|  0%| F|  |TAMS 0x0000000084f00000, 0x0000000084f00000| Untracked 
|  56|0x0000000085000000, 0x0000000085000000, 0x0000000085100000|  0%| F|  |TAMS 0x0000000085000000, 0x0000000085000000| Untracked 
|  57|0x0000000085100000, 0x0000000085100000, 0x0000000085200000|  0%| F|  |TAMS 0x0000000085100000, 0x0000000085100000| Untracked 
|  58|0x0000000085200000, 0x0000000085200000, 0x0000000085300000|  0%| F|  |TAMS 0x0000000085200000, 0x0000000085200000| Untracked 
|  59|0x0000000085300000, 0x0000000085300000, 0x0000000085400000|  0%| F|  |TAMS 0x0000000085300000, 0x0000000085300000| Untracked 
|  60|0x0000000085400000, 0x0000000085400000, 0x0000000085500000|  0%| F|  |TAMS 0x0000000085400000, 0x0000000085400000| Untracked 
|  61|0x0000000085500000, 0x0000000085500000, 0x0000000085600000|  0%| F|  |TAMS 0x0000000085500000, 0x0000000085500000| Untracked 
|  62|0x0000000085600000, 0x0000000085600000, 0x0000000085700000|  0%| F|  |TAMS 0x0000000085600000, 0x0000000085600000| Untracked 
|  63|0x0000000085700000, 0x0000000085700000, 0x0000000085800000|  0%| F|  |TAMS 0x0000000085700000, 0x0000000085700000| Untracked 
|  64|0x0000000085800000, 0x0000000085800000, 0x0000000085900000|  0%| F|  |TAMS 0x0000000085800000, 0x0000000085800000| Untracked 
|  65|0x0000000085900000, 0x0000000085900000, 0x0000000085a00000|  0%| F|  |TAMS 0x0000000085900000, 0x0000000085900000| Untracked 
|  66|0x0000000085a00000, 0x0000000085a00000, 0x0000000085b00000|  0%| F|  |TAMS 0x0000000085a00000, 0x0000000085a00000| Untracked 
|  67|0x0000000085b00000, 0x0000000085b00000, 0x0000000085c00000|  0%| F|  |TAMS 0x0000000085b00000, 0x0000000085b00000| Untracked 
|  68|0x0000000085c00000, 0x0000000085c00000, 0x0000000085d00000|  0%| F|  |TAMS 0x0000000085c00000, 0x0000000085c00000| Untracked 
|  69|0x0000000085d00000, 0x0000000085d00000, 0x0000000085e00000|  0%| F|  |TAMS 0x0000000085d00000, 0x0000000085d00000| Untracked 
|  70|0x0000000085e00000, 0x0000000085e00000, 0x0000000085f00000|  0%| F|  |TAMS 0x0000000085e00000, 0x0000000085e00000| Untracked 
|  71|0x0000000085f00000, 0x0000000085f00000, 0x0000000086000000|  0%| F|  |TAMS 0x0000000085f00000, 0x0000000085f00000| Untracked 
|  72|0x0000000086000000, 0x0000000086000000, 0x0000000086100000|  0%| F|  |TAMS 0x0000000086000000, 0x0000000086000000| Untracked 
|  73|0x0000000086100000, 0x0000000086100000, 0x0000000086200000|  0%| F|  |TAMS 0x0000000086100000, 0x0000000086100000| Untracked 
|  74|0x0000000086200000, 0x0000000086200000, 0x0000000086300000|  0%| F|  |TAMS 0x0000000086200000, 0x0000000086200000| Untracked 
|  75|0x0000000086300000, 0x0000000086300000, 0x0000000086400000|  0%| F|  |TAMS 0x0000000086300000, 0x0000000086300000| Untracked 
|  76|0x0000000086400000, 0x0000000086400000, 0x0000000086500000|  0%| F|  |TAMS 0x0000000086400000, 0x0000000086400000| Untracked 
|  77|0x0000000086500000, 0x0000000086500000, 0x0000000086600000|  0%| F|  |TAMS 0x0000000086500000, 0x0000000086500000| Untracked 
|  78|0x0000000086600000, 0x0000000086600000, 0x0000000086700000|  0%| F|  |TAMS 0x0000000086600000, 0x0000000086600000| Untracked 
|  79|0x0000000086700000, 0x0000000086700000, 0x0000000086800000|  0%| F|  |TAMS 0x0000000086700000, 0x0000000086700000| Untracked 
|  80|0x0000000086800000, 0x0000000086800000, 0x0000000086900000|  0%| F|  |TAMS 0x0000000086800000, 0x0000000086800000| Untracked 
|  81|0x0000000086900000, 0x0000000086900000, 0x0000000086a00000|  0%| F|  |TAMS 0x0000000086900000, 0x0000000086900000| Untracked 
|  82|0x0000000086a00000, 0x0000000086a00000, 0x0000000086b00000|  0%| F|  |TAMS 0x0000000086a00000, 0x0000000086a00000| Untracked 
|  83|0x0000000086b00000, 0x0000000086b00000, 0x0000000086c00000|  0%| F|  |TAMS 0x0000000086b00000, 0x0000000086b00000| Untracked 
|  84|0x0000000086c00000, 0x0000000086c00000, 0x0000000086d00000|  0%| F|  |TAMS 0x0000000086c00000, 0x0000000086c00000| Untracked 
|  85|0x0000000086d00000, 0x0000000086d00000, 0x0000000086e00000|  0%| F|  |TAMS 0x0000000086d00000, 0x0000000086d00000| Untracked 
|  86|0x0000000086e00000, 0x0000000086e00000, 0x0000000086f00000|  0%| F|  |TAMS 0x0000000086e00000, 0x0000000086e00000| Untracked 
|  87|0x0000000086f00000, 0x0000000086f00000, 0x0000000087000000|  0%| F|  |TAMS 0x0000000086f00000, 0x0000000086f00000| Untracked 
|  88|0x0000000087000000, 0x0000000087000000, 0x0000000087100000|  0%| F|  |TAMS 0x0000000087000000, 0x0000000087000000| Untracked 
|  89|0x0000000087100000, 0x0000000087100000, 0x0000000087200000|  0%| F|  |TAMS 0x0000000087100000, 0x0000000087100000| Untracked 
|  90|0x0000000087200000, 0x0000000087200000, 0x0000000087300000|  0%| F|  |TAMS 0x0000000087200000, 0x0000000087200000| Untracked 
|  91|0x0000000087300000, 0x0000000087300000, 0x0000000087400000|  0%| F|  |TAMS 0x0000000087300000, 0x0000000087300000| Untracked 
|  92|0x0000000087400000, 0x0000000087400000, 0x0000000087500000|  0%| F|  |TAMS 0x0000000087400000, 0x0000000087400000| Untracked 
|  93|0x0000000087500000, 0x0000000087500000, 0x0000000087600000|  0%| F|  |TAMS 0x0000000087500000, 0x0000000087500000| Untracked 
|  94|0x0000000087600000, 0x0000000087600000, 0x0000000087700000|  0%| F|  |TAMS 0x0000000087600000, 0x0000000087600000| Untracked 
|  95|0x0000000087700000, 0x0000000087700000, 0x0000000087800000|  0%| F|  |TAMS 0x0000000087700000, 0x0000000087700000| Untracked 
|  96|0x0000000087800000, 0x0000000087800000, 0x0000000087900000|  0%| F|  |TAMS 0x0000000087800000, 0x0000000087800000| Untracked 
|  97|0x0000000087900000, 0x0000000087900000, 0x0000000087a00000|  0%| F|  |TAMS 0x0000000087900000, 0x0000000087900000| Untracked 
|  98|0x0000000087a00000, 0x0000000087b00000, 0x0000000087b00000|100%| S|CS|TAMS 0x0000000087a00000, 0x0000000087a00000| Complete 
|  99|0x0000000087b00000, 0x0000000087c00000, 0x0000000087c00000|100%| S|CS|TAMS 0x0000000087b00000, 0x0000000087b00000| Complete 
| 100|0x0000000087c00000, 0x0000000087d00000, 0x0000000087d00000|100%| S|CS|TAMS 0x0000000087c00000, 0x0000000087c00000| Complete 
| 101|0x0000000087d00000, 0x0000000087e00000, 0x0000000087e00000|100%| S|CS|TAMS 0x0000000087d00000, 0x0000000087d00000| Complete 
| 102|0x0000000087e00000, 0x0000000087e00000, 0x0000000087f00000|  0%| F|  |TAMS 0x0000000087e00000, 0x0000000087e00000| Untracked 
| 103|0x0000000087f00000, 0x0000000087f00000, 0x0000000088000000|  0%| F|  |TAMS 0x0000000087f00000, 0x0000000087f00000| Untracked 
| 104|0x0000000088000000, 0x0000000088000000, 0x0000000088100000|  0%| F|  |TAMS 0x0000000088000000, 0x0000000088000000| Untracked 
| 105|0x0000000088100000, 0x0000000088100000, 0x0000000088200000|  0%| F|  |TAMS 0x0000000088100000, 0x0000000088100000| Untracked 
| 106|0x0000000088200000, 0x0000000088200000, 0x0000000088300000|  0%| F|  |TAMS 0x0000000088200000, 0x0000000088200000| Untracked 
| 107|0x0000000088300000, 0x0000000088300000, 0x0000000088400000|  0%| F|  |TAMS 0x0000000088300000, 0x0000000088300000| Untracked 
| 108|0x0000000088400000, 0x0000000088400000, 0x0000000088500000|  0%| F|  |TAMS 0x0000000088400000, 0x0000000088400000| Untracked 
| 109|0x0000000088500000, 0x0000000088500000, 0x0000000088600000|  0%| F|  |TAMS 0x0000000088500000, 0x0000000088500000| Untracked 
| 110|0x0000000088600000, 0x0000000088600000, 0x0000000088700000|  0%| F|  |TAMS 0x0000000088600000, 0x0000000088600000| Untracked 
| 111|0x0000000088700000, 0x0000000088700000, 0x0000000088800000|  0%| F|  |TAMS 0x0000000088700000, 0x0000000088700000| Untracked 
| 112|0x0000000088800000, 0x0000000088800000, 0x0000000088900000|  0%| F|  |TAMS 0x0000000088800000, 0x0000000088800000| Untracked 
| 113|0x0000000088900000, 0x0000000088900000, 0x0000000088a00000|  0%| F|  |TAMS 0x0000000088900000, 0x0000000088900000| Untracked 
| 114|0x0000000088a00000, 0x0000000088a00000, 0x0000000088b00000|  0%| F|  |TAMS 0x0000000088a00000, 0x0000000088a00000| Untracked 
| 115|0x0000000088b00000, 0x0000000088b00000, 0x0000000088c00000|  0%| F|  |TAMS 0x0000000088b00000, 0x0000000088b00000| Untracked 
| 116|0x0000000088c00000, 0x0000000088c00000, 0x0000000088d00000|  0%| F|  |TAMS 0x0000000088c00000, 0x0000000088c00000| Untracked 
| 117|0x0000000088d00000, 0x0000000088d00000, 0x0000000088e00000|  0%| F|  |TAMS 0x0000000088d00000, 0x0000000088d00000| Untracked 
| 118|0x0000000088e00000, 0x0000000088e00000, 0x0000000088f00000|  0%| F|  |TAMS 0x0000000088e00000, 0x0000000088e00000| Untracked 
| 119|0x0000000088f00000, 0x0000000088f00000, 0x0000000089000000|  0%| F|  |TAMS 0x0000000088f00000, 0x0000000088f00000| Untracked 
| 120|0x0000000089000000, 0x0000000089000000, 0x0000000089100000|  0%| F|  |TAMS 0x0000000089000000, 0x0000000089000000| Untracked 
| 121|0x0000000089100000, 0x0000000089100000, 0x0000000089200000|  0%| F|  |TAMS 0x0000000089100000, 0x0000000089100000| Untracked 
| 122|0x0000000089200000, 0x0000000089300000, 0x0000000089300000|100%| E|  |TAMS 0x0000000089200000, 0x0000000089200000| Complete 
| 123|0x0000000089300000, 0x0000000089400000, 0x0000000089400000|100%| E|CS|TAMS 0x0000000089300000, 0x0000000089300000| Complete 
| 124|0x0000000089400000, 0x0000000089500000, 0x0000000089500000|100%| E|CS|TAMS 0x0000000089400000, 0x0000000089400000| Complete 
| 125|0x0000000089500000, 0x0000000089600000, 0x0000000089600000|100%| E|CS|TAMS 0x0000000089500000, 0x0000000089500000| Complete 
| 126|0x0000000089600000, 0x0000000089700000, 0x0000000089700000|100%| E|CS|TAMS 0x0000000089600000, 0x0000000089600000| Complete 
| 127|0x0000000089700000, 0x0000000089800000, 0x0000000089800000|100%| E|CS|TAMS 0x0000000089700000, 0x0000000089700000| Complete 

Card table byte_map: [0x000001adc7270000,0x000001adc7670000] _byte_map_base: 0x000001adc6e64000

Marking Bits (Prev, Next): (CMBitMap*) 0x000001adafc7c640, (CMBitMap*) 0x000001adafc7c680
 Prev Bits: [0x000001adc7a70000, 0x000001adc9a10000)
 Next Bits: [0x000001adc9a10000, 0x000001adcb9b0000)

Polling page: 0x000001adad970000

Metaspace:

Usage:
  Non-class:      9.84 MB capacity,     9.68 MB ( 98%) used,   156.83 KB (  2%) free+waste,    11.88 KB ( <1%) overhead. 
      Class:      1.14 MB capacity,     1.11 MB ( 97%) used,    35.55 KB (  3%) free+waste,     4.44 KB ( <1%) overhead. 
       Both:     10.99 MB capacity,    10.78 MB ( 98%) used,   192.38 KB (  2%) free+waste,    16.31 KB ( <1%) overhead. 

Virtual space:
  Non-class space:       10.00 MB reserved,      10.00 MB (100%) committed 
      Class space:        1.00 GB reserved,       1.25 MB ( <1%) committed 
             Both:        1.01 GB reserved,      11.25 MB (  1%) committed 

Chunk freelists:
   Non-Class:  34.00 KB
       Class:  12.00 KB
        Both:  46.00 KB

MaxMetaspaceSize: 17179869184.00 GB
CompressedClassSpaceSize: 1.00 GB

CodeHeap 'non-profiled nmethods': size=120000Kb used=976Kb max_used=976Kb free=119024Kb
 bounds [0x000001adbf940000, 0x000001adbfbb0000, 0x000001adc6e70000]
CodeHeap 'profiled nmethods': size=120000Kb used=5275Kb max_used=5275Kb free=114724Kb
 bounds [0x000001adb8410000, 0x000001adb8940000, 0x000001adbf940000]
CodeHeap 'non-nmethods': size=5760Kb used=1208Kb max_used=1265Kb free=4551Kb
 bounds [0x000001adb7e70000, 0x000001adb80e0000, 0x000001adb8410000]
 total_blobs=2946 nmethods=2474 adapters=384
 compilation: enabled
              stopped_count=0, restarted_count=0
 full_count=0

Compilation events (20 events):
Event: 3.937 Thread 0x000001adcdd74de0 nmethod 2451 0x000001adb891b090 code [0x000001adb891b6e0, 0x000001adb891dff8]
Event: 3.938 Thread 0x000001adcdd74de0 2452       3       org.apache.poi.xssf.usermodel.XSSFRichTextString::getString (87 bytes)
Event: 3.939 Thread 0x000001adcf6704c0 nmethod 2430 0x000001adbfa2ba90 code [0x000001adbfa2bca0, 0x000001adbfa2c978]
Event: 3.939 Thread 0x000001adcf6704c0 2428       4       org.apache.xmlbeans.impl.store.Cur::createElementXobj (216 bytes)
Event: 3.940 Thread 0x000001adcdd74de0 nmethod 2452 0x000001adb891f190 code [0x000001adb891f5a0, 0x000001adb89213a8]
Event: 3.942 Thread 0x000001adcdd74de0 2453       1       model.Employe::getId (5 bytes)
Event: 3.942 Thread 0x000001adcdd74de0 nmethod 2453 0x000001adbfa2d410 code [0x000001adbfa2d5a0, 0x000001adbfa2d658]
Event: 3.942 Thread 0x000001adcf6704c0 nmethod 2428 0x000001adbfa2d710 code [0x000001adbfa2d8a0, 0x000001adbfa2daf8]
Event: 3.942 Thread 0x000001adcf6704c0 2429       4       org.apache.xmlbeans.impl.store.Cur$CurLoadContext::startElement (30 bytes)
Event: 3.944 Thread 0x000001adcdd74de0 2454       3       org.apache.commons.compress.archivers.zip.ZipUtil::supportsEncryptionOf (16 bytes)
Event: 3.944 Thread 0x000001adcdd74de0 nmethod 2454 0x000001adb8922010 code [0x000001adb89221a0, 0x000001adb89223b8]
Event: 3.944 Thread 0x000001adcdd74de0 2455       3       org.apache.commons.compress.archivers.zip.ZipUtil::supportsMethodOf (74 bytes)
Event: 3.945 Thread 0x000001adcdd74de0 nmethod 2455 0x000001adb8922490 code [0x000001adb8922660, 0x000001adb8922cf8]
Event: 3.945 Thread 0x000001adcdd74de0 2456       3       java.util.GregorianCalendar::computeTime (976 bytes)
Event: 3.948 Thread 0x000001adcdd71410 nmethod 2376 0x000001adbfa2dc10 code [0x000001adbfa2df00, 0x000001adbfa30fc0]
Event: 3.954 Thread 0x000001adcdd74de0 nmethod 2456 0x000001adb8922e90 code [0x000001adb8923600, 0x000001adb8928128]
Event: 3.954 Thread 0x000001adcdd74de0 2458       3       java.util.Calendar::setFieldsNormalized (66 bytes)
Event: 3.954 Thread 0x000001adcdd74de0 nmethod 2458 0x000001adb8929d90 code [0x000001adb8929f40, 0x000001adb892a1d8]
Event: 3.954 Thread 0x000001adcdd74de0 2457       3       sun.util.calendar.ZoneInfo::getOffsetsByWall (8 bytes)
Event: 3.955 Thread 0x000001adcdd74de0 nmethod 2457 0x000001adb892a390 code [0x000001adb892a540, 0x000001adb892a668]

GC Heap History (6 events):
Event: 0.849 GC heap before
{Heap before GC invocations=0 (full 0):
 garbage-first heap   total 131072K, used 14336K [0x0000000081800000, 0x0000000100000000)
  region size 1024K, 13 young (13312K), 0 survivors (0K)
 Metaspace       used 1567K, capacity 4996K, committed 5120K, reserved 1056768K
  class space    used 116K, capacity 428K, committed 512K, reserved 1048576K
}
Event: 0.854 GC heap after
{Heap after GC invocations=1 (full 0):
 garbage-first heap   total 131072K, used 5381K [0x0000000081800000, 0x0000000100000000)
  region size 1024K, 2 young (2048K), 2 survivors (2048K)
 Metaspace       used 1567K, capacity 4996K, committed 5120K, reserved 1056768K
  class space    used 116K, capacity 428K, committed 512K, reserved 1048576K
}
Event: 1.797 GC heap before
{Heap before GC invocations=1 (full 0):
 garbage-first heap   total 131072K, used 16645K [0x0000000081800000, 0x0000000100000000)
  region size 1024K, 14 young (14336K), 2 survivors (2048K)
 Metaspace       used 6406K, capacity 7505K, committed 7808K, reserved 1056768K
  class space    used 659K, capacity 770K, committed 896K, reserved 1048576K
}
Event: 1.802 GC heap after
{Heap after GC invocations=2 (full 0):
 garbage-first heap   total 131072K, used 7253K [0x0000000081800000, 0x0000000100000000)
  region size 1024K, 2 young (2048K), 2 survivors (2048K)
 Metaspace       used 6406K, capacity 7505K, committed 7808K, reserved 1056768K
  class space    used 659K, capacity 770K, committed 896K, reserved 1048576K
}
Event: 3.610 GC heap before
{Heap before GC invocations=2 (full 0):
 garbage-first heap   total 131072K, used 30805K [0x0000000081800000, 0x0000000100000000)
  region size 1024K, 26 young (26624K), 2 survivors (2048K)
 Metaspace       used 10896K, capacity 11116K, committed 11264K, reserved 1058816K
  class space    used 1130K, capacity 1171K, committed 1280K, reserved 1048576K
}
Event: 3.618 GC heap after
{Heap after GC invocations=3 (full 0):
 garbage-first heap   total 131072K, used 9558K [0x0000000081800000, 0x0000000100000000)
  region size 1024K, 4 young (4096K), 4 survivors (4096K)
 Metaspace       used 10896K, capacity 11116K, committed 11264K, reserved 1058816K
  class space    used 1130K, capacity 1171K, committed 1280K, reserved 1048576K
}

Deoptimization events (20 events):
Event: 3.377 Thread 0x000001adafc3cd20 Uncommon trap: trap_request=0xffffffbe fr.pc=0x000001adbf9fb588 relative=0x0000000000000808
Event: 3.377 Thread 0x000001adafc3cd20 Uncommon trap: reason=profile_predicate action=maybe_recompile pc=0x000001adbf9fb588 method=java.util.regex.Pattern$Slice.match(Ljava/util/regex/Matcher;ILjava/lang/CharSequence;)Z @ 18 c2
Event: 3.377 Thread 0x000001adafc3cd20 DEOPT PACKING pc=0x000001adbf9fb588 sp=0x00000026ae6fe600
Event: 3.377 Thread 0x000001adafc3cd20 DEOPT UNPACKING pc=0x000001adb7ebe42f sp=0x00000026ae6fe500 mode 2
Event: 3.516 Thread 0x000001adafc3cd20 Uncommon trap: trap_request=0xffffffde fr.pc=0x000001adbfa06434 relative=0x0000000000000114
Event: 3.516 Thread 0x000001adafc3cd20 Uncommon trap: reason=class_check action=maybe_recompile pc=0x000001adbfa06434 method=jdk.internal.misc.Unsafe.allocateUninitializedArray(Ljava/lang/Class;I)Ljava/lang/Object; @ 51 c2
Event: 3.516 Thread 0x000001adafc3cd20 DEOPT PACKING pc=0x000001adbfa06434 sp=0x00000026ae6fd8c0
Event: 3.516 Thread 0x000001adafc3cd20 DEOPT UNPACKING pc=0x000001adb7ebe42f sp=0x00000026ae6fd848 mode 2
Event: 3.623 Thread 0x000001adafc3cd20 Uncommon trap: trap_request=0xffffffde fr.pc=0x000001adbfa06434 relative=0x0000000000000114
Event: 3.623 Thread 0x000001adafc3cd20 Uncommon trap: reason=class_check action=maybe_recompile pc=0x000001adbfa06434 method=jdk.internal.misc.Unsafe.allocateUninitializedArray(Ljava/lang/Class;I)Ljava/lang/Object; @ 51 c2
Event: 3.623 Thread 0x000001adafc3cd20 DEOPT PACKING pc=0x000001adbfa06434 sp=0x00000026ae6fd8a0
Event: 3.623 Thread 0x000001adafc3cd20 DEOPT UNPACKING pc=0x000001adb7ebe42f sp=0x00000026ae6fd828 mode 2
Event: 3.631 Thread 0x000001adafc3cd20 Uncommon trap: trap_request=0xffffffde fr.pc=0x000001adbfa06434 relative=0x0000000000000114
Event: 3.631 Thread 0x000001adafc3cd20 Uncommon trap: reason=class_check action=maybe_recompile pc=0x000001adbfa06434 method=jdk.internal.misc.Unsafe.allocateUninitializedArray(Ljava/lang/Class;I)Ljava/lang/Object; @ 51 c2
Event: 3.631 Thread 0x000001adafc3cd20 DEOPT PACKING pc=0x000001adbfa06434 sp=0x00000026ae6fd7c0
Event: 3.631 Thread 0x000001adafc3cd20 DEOPT UNPACKING pc=0x000001adb7ebe42f sp=0x00000026ae6fd748 mode 2
Event: 3.634 Thread 0x000001adafc3cd20 Uncommon trap: trap_request=0xffffffde fr.pc=0x000001adbfa06434 relative=0x0000000000000114
Event: 3.634 Thread 0x000001adafc3cd20 Uncommon trap: reason=class_check action=maybe_recompile pc=0x000001adbfa06434 method=jdk.internal.misc.Unsafe.allocateUninitializedArray(Ljava/lang/Class;I)Ljava/lang/Object; @ 51 c2
Event: 3.634 Thread 0x000001adafc3cd20 DEOPT PACKING pc=0x000001adbfa06434 sp=0x00000026ae6fd810
Event: 3.634 Thread 0x000001adafc3cd20 DEOPT UNPACKING pc=0x000001adb7ebe42f sp=0x00000026ae6fd798 mode 2

Classes unloaded (0 events):
No events

Classes redefined (0 events):
No events

Internal exceptions (14 events):
Event: 0.711 Thread 0x000001adcea481c0 Exception <a 'java/lang/NoSuchMethodError'{0x0000000088c8e548}: 'java.lang.Object java.lang.invoke.DirectMethodHandle$Holder.invokeStatic(java.lang.Object)'> (0x0000000088c8e548) 
thrown [./open/src/hotspot/share/interpreter/linkResolver.cpp, line 782]
Event: 0.712 Thread 0x000001adcea481c0 Exception <a 'java/lang/NoSuchMethodError'{0x0000000088c91e58}: 'java.lang.Object java.lang.invoke.DirectMethodHandle$Holder.invokeStaticInit(java.lang.Object)'> (0x0000000088c91e58) 
thrown [./open/src/hotspot/share/interpreter/linkResolver.cpp, line 782]
Event: 0.724 Thread 0x000001adcea481c0 Exception <a 'java/lang/NoSuchMethodError'{0x0000000088c9f1f0}: 'void java.lang.invoke.DirectMethodHandle$Holder.invokeStatic(java.lang.Object, java.lang.Object)'> (0x0000000088c9f1f0) 
thrown [./open/src/hotspot/share/interpreter/linkResolver.cpp, line 782]
Event: 1.062 Thread 0x000001adafc3cd20 Exception <a 'java/lang/NoSuchMethodError'{0x00000000895e4e90}: 'void java.lang.invoke.DirectMethodHandle$Holder.invokeSpecial(java.lang.Object, java.lang.Object, java.lang.Object)'> (0x00000000895e4e90) 
thrown [./open/src/hotspot/share/interpreter/linkResolver.cpp, line 782]
Event: 1.120 Thread 0x000001adafc3cd20 Exception <a 'java/lang/NoSuchMethodError'{0x00000000894b87b8}: 'int java.lang.invoke.DirectMethodHandle$Holder.invokeStaticInit(java.lang.Object, java.lang.Object, java.lang.Object)'> (0x00000000894b87b8) 
thrown [./open/src/hotspot/share/interpreter/linkResolver.cpp, line 782]
Event: 1.175 Thread 0x000001adafc3cd20 Exception <a 'java/lang/NoSuchMethodError'{0x0000000089338d48}: 'void java.lang.invoke.DirectMethodHandle$Holder.invokeVirtual(java.lang.Object, java.lang.Object, java.lang.Object, java.lang.Object)'> (0x0000000089338d48) 
thrown [./open/src/hotspot/share/interpreter/linkResolver.cpp, line 782]
Event: 1.251 Thread 0x000001adafc3cd20 Exception <a 'java/lang/NoSuchMethodError'{0x0000000089384b60}: 'void java.lang.invoke.DirectMethodHandle$Holder.invokeStatic(java.lang.Object, java.lang.Object, java.lang.Object, int)'> (0x0000000089384b60) 
thrown [./open/src/hotspot/share/interpreter/linkResolver.cpp, line 782]
Event: 1.252 Thread 0x000001adafc3cd20 Exception <a 'java/lang/NoSuchMethodError'{0x00000000893884d0}: 'void java.lang.invoke.DirectMethodHandle$Holder.invokeStaticInit(java.lang.Object, java.lang.Object, java.lang.Object, int)'> (0x00000000893884d0) 
thrown [./open/src/hotspot/share/interpreter/linkResolver.cpp, line 782]
Event: 1.367 Thread 0x000001adafc3cd20 Exception <a 'java/lang/NoSuchMethodError'{0x0000000089228d90}: 'void java.lang.invoke.DirectMethodHandle$Holder.invokeInterface(java.lang.Object, java.lang.Object, java.lang.Object)'> (0x0000000089228d90) 
thrown [./open/src/hotspot/share/interpreter/linkResolver.cpp, line 782]
Event: 1.760 Thread 0x000001adafc3cd20 Implicit null exception at 0x000001adbf96fad8 to 0x000001adbf96fb6a
Event: 1.825 Thread 0x000001adafc3cd20 Exception <a 'java/lang/NoSuchMethodError'{0x000000008979b8b8}: 'java.lang.Object java.lang.invoke.DirectMethodHandle$Holder.invokeInterface(java.lang.Object, java.lang.Object)'> (0x000000008979b8b8) 
thrown [./open/src/hotspot/share/interpreter/linkResolver.cpp, line 782]
Event: 1.923 Thread 0x000001adafc3cd20 Exception <a 'java/lang/NoSuchMethodError'{0x0000000089555f50}: 'void java.lang.invoke.DirectMethodHandle$Holder.invokeSpecial(java.lang.Object, java.lang.Object, java.lang.Object, java.lang.Object, java.lang.Object)'> (0x0000000089555f50) 
thrown [./open/src/hotspot/share/interpreter/linkResolver.cpp, line 782]
Event: 1.949 Thread 0x000001adafc3cd20 Exception <a 'java/lang/NoSuchMethodError'{0x000000008957b4f8}: 'void java.lang.invoke.DirectMethodHandle$Holder.invokeVirtual(java.lang.Object, java.lang.Object)'> (0x000000008957b4f8) 
thrown [./open/src/hotspot/share/interpreter/linkResolver.cpp, line 782]
Event: 3.125 Thread 0x000001adafc3cd20 Exception <a 'java/lang/NoSuchMethodError'{0x0000000088325428}: 'java.lang.Object java.lang.invoke.DirectMethodHandle$Holder.newInvokeSpecial(java.lang.Object, java.lang.Object, java.lang.Object, java.lang.Object, java.lang.Object)'> (0x0000000088325428) 
thrown [./open/src/hotspot/share/interpreter/linkResolver.cpp, line 782]

Events (20 events):
Event: 2.688 loading class java/lang/Short$ShortCache done
Event: 2.692 loading class java/util/regex/Pattern$BnM
Event: 2.692 loading class java/util/regex/Pattern$BnM done
Event: 2.727 loading class java/util/ComparableTimSort
Event: 2.728 loading class java/util/ComparableTimSort done
Event: 2.915 loading class sun/util/resources/LocaleData$CommonResourceBundleProvider
Event: 2.916 loading class sun/util/resources/LocaleData$LocaleDataResourceBundleProvider
Event: 2.916 loading class java/util/spi/ResourceBundleProvider
Event: 2.916 loading class java/util/spi/ResourceBundleProvider done
Event: 2.916 loading class sun/util/resources/LocaleData$LocaleDataResourceBundleProvider done
Event: 2.916 loading class sun/util/resources/LocaleData$CommonResourceBundleProvider done
Event: 2.916 loading class sun/util/resources/Bundles$2
Event: 2.917 loading class sun/util/resources/Bundles$2 done
Event: 2.932 loading class java/lang/StrictMath
Event: 2.932 loading class java/lang/StrictMath done
Event: 3.030 Executing VM operation: ICBufferFull
Event: 3.030 Executing VM operation: ICBufferFull done
Event: 3.610 Executing VM operation: G1CollectForAllocation
Event: 3.618 Executing VM operation: G1CollectForAllocation done
Event: 3.639 Loaded shared library E:\Apps\windows\dev\jdk15\bin\java.dll


Dynamic libraries:
0x00007ff7bc4c0000 - 0x00007ff7bc4cf000 	E:\Apps\windows\dev\jdk15\bin\java.exe
0x00007ffe73990000 - 0x00007ffe73b86000 	C:\Windows\SYSTEM32\ntdll.dll
0x00007ffe72810000 - 0x00007ffe728cd000 	C:\Windows\System32\KERNEL32.DLL
0x00007ffe711f0000 - 0x00007ffe714b9000 	C:\Windows\System32\KERNELBASE.dll
0x00007ffe71620000 - 0x00007ffe71720000 	C:\Windows\System32\ucrtbase.dll
0x00007ffe6bc70000 - 0x00007ffe6bc88000 	E:\Apps\windows\dev\jdk15\bin\jli.dll
0x00007ffe734e0000 - 0x00007ffe7358c000 	C:\Windows\System32\ADVAPI32.dll
0x00007ffe73160000 - 0x00007ffe731fe000 	C:\Windows\System32\msvcrt.dll
0x00007ffe71cd0000 - 0x00007ffe71d6c000 	C:\Windows\System32\sechost.dll
0x00007ffe726d0000 - 0x00007ffe727fb000 	C:\Windows\System32\RPCRT4.dll
0x00007ffe73340000 - 0x00007ffe734e0000 	C:\Windows\System32\USER32.dll
0x00007ffe71510000 - 0x00007ffe71532000 	C:\Windows\System32\win32u.dll
0x00007ffe73130000 - 0x00007ffe7315a000 	C:\Windows\System32\GDI32.dll
0x00007ffe71780000 - 0x00007ffe7188b000 	C:\Windows\System32\gdi32full.dll
0x00007ffe71150000 - 0x00007ffe711ed000 	C:\Windows\System32\msvcp_win.dll
0x00007ffe6bc30000 - 0x00007ffe6bc49000 	E:\Apps\windows\dev\jdk15\bin\VCRUNTIME140.dll
0x00007ffe65010000 - 0x00007ffe652ab000 	C:\Windows\WinSxS\amd64_microsoft.windows.common-controls_6595b64144ccf1df_6.0.19041.746_none_ca02b4b61b8320a4\COMCTL32.dll
0x00007ffe67010000 - 0x00007ffe6701a000 	C:\Windows\SYSTEM32\VERSION.dll
0x00007ffe73920000 - 0x00007ffe73950000 	C:\Windows\System32\IMM32.DLL
0x00007ffe6be00000 - 0x00007ffe6be0c000 	E:\Apps\windows\dev\jdk15\bin\vcruntime140_1.dll
0x00007ffe56fa0000 - 0x00007ffe57031000 	E:\Apps\windows\dev\jdk15\bin\msvcp140.dll
0x00007ffe43fa0000 - 0x00007ffe44afe000 	E:\Apps\windows\dev\jdk15\bin\server\jvm.dll
0x00007ffe72800000 - 0x00007ffe72808000 	C:\Windows\System32\PSAPI.DLL
0x00007ffe6a4d0000 - 0x00007ffe6a4d9000 	C:\Windows\SYSTEM32\WSOCK32.dll
0x00007ffe738b0000 - 0x00007ffe7391b000 	C:\Windows\System32\WS2_32.dll
0x00007ffe65500000 - 0x00007ffe65527000 	C:\Windows\SYSTEM32\WINMM.dll
0x00007ffe6efe0000 - 0x00007ffe6eff2000 	C:\Windows\SYSTEM32\kernel.appcore.dll
0x00007ffe6bc20000 - 0x00007ffe6bc2a000 	E:\Apps\windows\dev\jdk15\bin\jimage.dll
0x00007ffe69760000 - 0x00007ffe69944000 	C:\Windows\SYSTEM32\DBGHELP.DLL
0x00007ffe69570000 - 0x00007ffe6959c000 	C:\Windows\SYSTEM32\dbgcore.DLL
0x00007ffe710d0000 - 0x00007ffe71150000 	C:\Windows\System32\bcryptPrimitives.dll
0x00007ffe6a5e0000 - 0x00007ffe6a5ee000 	E:\Apps\windows\dev\jdk15\bin\instrument.dll
0x00007ffe68350000 - 0x00007ffe68375000 	E:\Apps\windows\dev\jdk15\bin\java.dll
0x00007ffe728d0000 - 0x00007ffe73012000 	C:\Windows\System32\SHELL32.dll
0x00007ffe6f1e0000 - 0x00007ffe6f970000 	C:\Windows\SYSTEM32\windows.storage.dll
0x00007ffe72370000 - 0x00007ffe726c6000 	C:\Windows\System32\combase.dll
0x00007ffe70a60000 - 0x00007ffe70a8c000 	C:\Windows\SYSTEM32\Wldp.dll
0x00007ffe737a0000 - 0x00007ffe7384e000 	C:\Windows\System32\SHCORE.dll
0x00007ffe73020000 - 0x00007ffe73075000 	C:\Windows\System32\shlwapi.dll
0x00007ffe71000000 - 0x00007ffe71026000 	C:\Windows\SYSTEM32\profapi.dll
0x00007ffe68120000 - 0x00007ffe68138000 	E:\Apps\windows\dev\jdk15\bin\zip.dll
0x00007ffe689e0000 - 0x00007ffe689f9000 	E:\Apps\windows\dev\jdk15\bin\net.dll
0x00007ffe67330000 - 0x00007ffe67430000 	C:\Windows\SYSTEM32\WINHTTP.dll
0x00007ffe70850000 - 0x00007ffe708ba000 	C:\Windows\system32\mswsock.dll
0x00007ffe683b0000 - 0x00007ffe683c2000 	E:\Apps\windows\dev\jdk15\bin\nio.dll
0x00007ffe65540000 - 0x00007ffe6555a000 	E:\Apps\windows\dev\IntelliJ IDEA 2020.2.3\bin\breakgen64.dll

dbghelp: loaded successfully - version: 4.0.5 - missing functions: none
symbol engine: initialized successfully - sym options: 0x614 - pdb path: .;E:\Apps\windows\dev\jdk15\bin;C:\Windows\SYSTEM32;C:\Windows\WinSxS\amd64_microsoft.windows.common-controls_6595b64144ccf1df_6.0.19041.746_none_ca02b4b61b8320a4;E:\Apps\windows\dev\jdk15\bin\server;E:\Apps\windows\dev\IntelliJ IDEA 2020.2.3\bin

VM Arguments:
jvm_args: -javaagent:E:\Apps\windows\dev\IntelliJ IDEA 2020.2.3\lib\idea_rt.jar=55457:E:\Apps\windows\dev\IntelliJ IDEA 2020.2.3\bin -Dfile.encoding=UTF-8 
java_command: angleterre.Teste
java_class_path (initial): E:\Projets\java\classe\projetIntegrationWithMaven\target\classes;C:\Users\abdou\.m2\repository\mysql\mysql-connector-java\8.0.23\mysql-connector-java-8.0.23.jar;C:\Users\abdou\.m2\repository\com\google\protobuf\protobuf-java\3.11.4\protobuf-java-3.11.4.jar;C:\Users\abdou\.m2\repository\org\postgresql\postgresql\42.2.18\postgresql-42.2.18.jar;C:\Users\abdou\.m2\repository\org\checkerframework\checker-qual\3.5.0\checker-qual-3.5.0.jar;C:\Users\abdou\.m2\repository\org\apache\poi\poi\5.0.0\poi-5.0.0.jar;C:\Users\abdou\.m2\repository\org\slf4j\slf4j-api\1.7.30\slf4j-api-1.7.30.jar;C:\Users\abdou\.m2\repository\org\slf4j\jcl-over-slf4j\1.7.30\jcl-over-slf4j-1.7.30.jar;C:\Users\abdou\.m2\repository\commons-codec\commons-codec\1.15\commons-codec-1.15.jar;C:\Users\abdou\.m2\repository\org\apache\commons\commons-collections4\4.4\commons-collections4-4.4.jar;C:\Users\abdou\.m2\repository\org\apache\commons\commons-math3\3.6.1\commons-math3-3.6.1.jar;C:\Users\abdou\.m2\repository\com\zaxxer\SparseBitSet\1.2\SparseBitSet-1.2.jar;C:\Users\abdou\.m2\repository\org\apache\poi\poi-ooxml\5.0.0\poi-ooxml-5.0.0.jar;C:\Users\abdou\.m2\repository\org\apache\poi\poi-ooxml-lite\5.0.0\poi-ooxml-lite-5.0.0.jar;C:\Users\abdou\.m2\repository\org\apache\xmlbeans\xmlbeans\4.0.0\xmlbeans-4.0.0.jar;C:\Users\abdou\.m2\repository\org\apache\commons\commons-compress\1.20\commons-compress-1.20.jar;C:\Users\abdou\.m2\repository\com\github\virtuald\curvesapi\1.06\curvesapi-1.06.jar;C:\Users\abdou\.m2\repository\org\bouncycastle\bcpkix-jdk15on\1.68\bcpkix-jdk15on-1.68.jar;C:\Users\abdou\.m2\repository\org\bouncycastle\bcprov-jdk15on\1.68\bcprov-jdk15on-1.68.jar;C:\Users\abdou\.m2\repository\org\apache\santuario\xmlsec\2.2.1\xmlsec-2.2.1.jar;C:\Users\abdou\.m2\repository\com\fasterxml\woodstox\woodstox-core\5.2.1\woodstox-core-5.2.1.jar;C:\Users\abdou\.m2\repository\org\codehaus\woodstox\stax2-api\4.2\stax2-api-4.2.jar;C:\Users\abdou\.m2\repository\jakarta\xml\bind\jakarta.xm
Launcher Type: SUN_STANDARD

[Global flags]
     intx CICompilerCount                          = 3                                         {product} {ergonomic}
     uint ConcGCThreads                            = 1                                         {product} {ergonomic}
     uint G1ConcRefinementThreads                  = 4                                         {product} {ergonomic}
   size_t G1HeapRegionSize                         = 1048576                                   {product} {ergonomic}
    uintx GCDrainStackTargetSize                   = 64                                        {product} {ergonomic}
   size_t InitialHeapSize                          = 134217728                                 {product} {ergonomic}
   size_t MarkStackSize                            = 4194304                                   {product} {ergonomic}
   size_t MaxHeapSize                              = 2122317824                                {product} {ergonomic}
   size_t MaxNewSize                               = 1272971264                                {product} {ergonomic}
   size_t MinHeapDeltaBytes                        = 1048576                                   {product} {ergonomic}
   size_t MinHeapSize                              = 8388608                                   {product} {ergonomic}
    uintx NonNMethodCodeHeapSize                   = 5832780                                {pd product} {ergonomic}
    uintx NonProfiledCodeHeapSize                  = 122912730                              {pd product} {ergonomic}
    uintx ProfiledCodeHeapSize                     = 122912730                              {pd product} {ergonomic}
    uintx ReservedCodeCacheSize                    = 251658240                              {pd product} {ergonomic}
     bool SegmentedCodeCache                       = true                                      {product} {ergonomic}
   size_t SoftMaxHeapSize                          = 2122317824                             {manageable} {ergonomic}
     bool UseCompressedClassPointers               = true                                 {lp64_product} {ergonomic}
     bool UseCompressedOops                        = true                                 {lp64_product} {ergonomic}
     bool UseG1GC                                  = true                                      {product} {ergonomic}
     bool UseLargePagesIndividualAllocation        = false                                  {pd product} {ergonomic}

Logging:
Log output configuration:
 #0: stdout all=warning uptime,level,tags
 #1: stderr all=off uptime,level,tags

Environment Variables:
PATH=C:\Program Files\Common Files\Oracle\Java\javapath;C:\Python39\Scripts\;C:\Python39\;C:\Windows\system32;C:\Windows;C:\Windows\System32\Wbem;C:\Windows\System32\WindowsPowerShell\v1.0\;C:\Windows\System32\OpenSSH\;E:\Apps\windows\dev\jre\bin;E:\Apps\windows\dev\jdk\bin;E:\Apps\windows\dev\wamp\bin\php\php7.4.9;E:\Apps\windows\dev\wamp64\bin\mysql\mysql5.7.31\bin;C:\ProgramData\chocolatey\bin;E:\Apps\windows\dev\npm\;E:\Apps\windows\dev\Symfony;E:\Apps\windows\dev\postgres\bin;E:\Apps\windows\dev\wamp64\bin\php\php7.4.9;E:\Apps\windows\dev\wamp64\bin\mysql\mysql5.7.31\bin;E:\Apps\windows\dev\composer;E:\Apps\windows\dev\jdk15\bin;C:\Program Files\Docker\Docker\resources\bin;C:\ProgramData\DockerDesktop\version-bin;E:\Apps\windows\dev\git\Git\cmd;C:\Python39\Scripts\;C:\Python39\;C:\Program Files (x86)\Common Files\Oracle\Java\javapath;C:\Windows\system32;C:\Windows;C:\Windows\System32\Wbem;C:\Windows\System32\WindowsPowerShell\v1.0\;C:\Windows\System32\OpenSSH\;E:\Apps\windows\dev\jre\bin;E:\Apps\windows\dev\jdk\bin;E:\Apps\windows\dev\wamp\bin\php\php7.4.9;E:\Apps\windows\dev\wamp\bin\mysql\mysql5.7.31\bin;C:\ProgramData\ComposerSetup\bin;C:\ProgramData\chocolatey\bin;E:\Apps\windows\dev\npm\;E:\Apps\windows\dev\Symfony;E:\Apps\windows\dev\postgres\bin;E:\Apps\windows\dev\git\Git\cmd;E:\Apps\windows\dev\wamp\bin\php\php7.4.9;E:\Apps\windows\dev\wamp\bin\mysql\mysql5.7.31\bin;C:\Users\abdou\AppData\Local\Microsoft\WindowsApps;E:\Apps\windows\dev\IntelliJ IDEA 2020.2.3\bin;E:\Apps\windows\dev\PhpStorm 2020.2.3\bin;C:\Users\abdou\AppData\Roaming\npm;E:\Apps\windows\dev\WebStorm 2020.2.3\bin;E:\Apps\windows\dev\pycharm\PyCharm 2020.3.3\bin;;C:\Users\abdou\AppData\Roaming\Composer\vendor\bin;E:\Apps\windows\dev\jdk15\bin;
USERNAME=abdou
OS=Windows_NT
PROCESSOR_IDENTIFIER=Intel64 Family 6 Model 58 Stepping 9, GenuineIntel



---------------  S Y S T E M  ---------------

OS:
 Windows 10 , 64 bit Build 19041 (10.0.19041.804)
OS uptime: 5 days 17:22 hours
HyperV virtualization detected

CPU: total 4 (initial active 4) (2 cores per cpu, 2 threads per core) family 6 model 58 stepping 9 microcode 0x21, cmov, cx8, fxsr, mmx, sse, sse2, sse3, ssse3, sse4.1, sse4.2, popcnt, vzeroupper, avx, aes, clmul, erms, ht, tsc, tscinvbit, tscinv, clflush

Memory: 4k page, system-wide physical 8094M (407M free)
TotalPageFile size 24465M (AvailPageFile size 3M)
current process WorkingSet (physical memory assigned to process): 108M, peak: 111M
current process commit charge ("private bytes"): 241M, peak: 244M

vm_info: Java HotSpot(TM) 64-Bit Server VM (15.0.2+7-27) for windows-amd64 JRE (15.0.2+7-27), built on Dec  7 2020 20:07:01 by "mach5one" with unknown MS VC++:1925

END.
